<?xml version="1.0" encoding="UTF-8"?>
<!-- Generated by org.testng.reporters.JUnitXMLReporter -->
<testsuite ignored="0" hostname="ATMECSBLRLT-030" failures="0" tests="4" name="Test" time="47.557" errors="0" timestamp="29 Sep 2020 08:39:39 GMT">
  <testcase classname="com.atmecs.demoblaze.SignupPage" name="signUpMethod" time="1.658"/>
  <testcase classname="com.atmecs.demoblaze.LoginPage" name="loginPageMethod" time="0.475"/>
  <testcase classname="com.atmecs.demoblaze.ContactPage" name="contactMethod" time="0.525"/>
  <testcase classname="com.atmecs.demoblaze.AddCartPage" name="addCartMethod" time="14.958"/>
</testsuite> <!-- Test -->
