<?xml version="1.0" encoding="UTF-8"?>
<testng-results ignored="0" total="4" passed="4" failed="0" skipped="0">
  <reporter-output>
  </reporter-output>
  <suite started-at="2020-09-29T08:38:52Z" name="Suite" finished-at="2020-09-29T08:39:39Z" duration-ms="47557">
    <groups>
    </groups>
    <test started-at="2020-09-29T08:38:52Z" name="Test" finished-at="2020-09-29T08:39:39Z" duration-ms="47557">
      <class name="com.atmecs.demoblaze.AddCartPage">
        <test-method is-config="true" signature="declaration()[pri:0, instance:com.atmecs.demoblaze.AddCartPage@7c417213]" started-at="2020-09-29T08:39:18Z" name="declaration" finished-at="2020-09-29T08:39:24Z" duration-ms="5697" status="PASS">
          <reporter-output>
          </reporter-output>
        </test-method> <!-- declaration -->
        <test-method signature="addCartMethod()[pri:3, instance:com.atmecs.demoblaze.AddCartPage@7c417213]" started-at="2020-09-29T08:39:24Z" name="addCartMethod" finished-at="2020-09-29T08:39:39Z" duration-ms="14958" status="PASS">
          <reporter-output>
          </reporter-output>
        </test-method> <!-- addCartMethod -->
        <test-method is-config="true" signature="closeBrowser()[pri:0, instance:com.atmecs.demoblaze.AddCartPage@7c417213]" started-at="2020-09-29T08:39:39Z" name="closeBrowser" finished-at="2020-09-29T08:39:39Z" duration-ms="69" status="PASS">
          <reporter-output>
          </reporter-output>
        </test-method> <!-- closeBrowser -->
      </class> <!-- com.atmecs.demoblaze.AddCartPage -->
      <class name="com.atmecs.demoblaze.ContactPage">
        <test-method is-config="true" signature="declaration()[pri:0, instance:com.atmecs.demoblaze.ContactPage@6107227e]" started-at="2020-09-29T08:39:08Z" name="declaration" finished-at="2020-09-29T08:39:16Z" duration-ms="7835" status="PASS">
          <reporter-output>
          </reporter-output>
        </test-method> <!-- declaration -->
        <test-method signature="contactMethod()[pri:3, instance:com.atmecs.demoblaze.ContactPage@6107227e]" started-at="2020-09-29T08:39:16Z" name="contactMethod" finished-at="2020-09-29T08:39:16Z" duration-ms="525" status="PASS">
          <reporter-output>
          </reporter-output>
        </test-method> <!-- contactMethod -->
        <test-method is-config="true" signature="closeBrowser()[pri:0, instance:com.atmecs.demoblaze.ContactPage@6107227e]" started-at="2020-09-29T08:39:16Z" name="closeBrowser" finished-at="2020-09-29T08:39:18Z" duration-ms="2154" status="PASS">
          <reporter-output>
          </reporter-output>
        </test-method> <!-- closeBrowser -->
      </class> <!-- com.atmecs.demoblaze.ContactPage -->
      <class name="com.atmecs.demoblaze.SignupPage">
        <test-method is-config="true" signature="declaration()[pri:0, instance:com.atmecs.demoblaze.SignupPage@2b6856dd]" started-at="2020-09-29T08:38:52Z" name="declaration" finished-at="2020-09-29T08:38:58Z" duration-ms="6652" status="PASS">
          <reporter-output>
          </reporter-output>
        </test-method> <!-- declaration -->
        <test-method signature="signUpMethod()[pri:1, instance:com.atmecs.demoblaze.SignupPage@2b6856dd]" started-at="2020-09-29T08:38:58Z" name="signUpMethod" finished-at="2020-09-29T08:39:00Z" duration-ms="1658" status="PASS">
          <reporter-output>
          </reporter-output>
        </test-method> <!-- signUpMethod -->
        <test-method is-config="true" signature="closeBrowser()[pri:0, instance:com.atmecs.demoblaze.SignupPage@2b6856dd]" started-at="2020-09-29T08:39:00Z" name="closeBrowser" finished-at="2020-09-29T08:39:00Z" duration-ms="78" status="PASS">
          <reporter-output>
          </reporter-output>
        </test-method> <!-- closeBrowser -->
      </class> <!-- com.atmecs.demoblaze.SignupPage -->
      <class name="com.atmecs.demoblaze.LoginPage">
        <test-method is-config="true" signature="declaration()[pri:0, instance:com.atmecs.demoblaze.LoginPage@5db45159]" started-at="2020-09-29T08:39:00Z" name="declaration" finished-at="2020-09-29T08:39:05Z" duration-ms="5356" status="PASS">
          <reporter-output>
          </reporter-output>
        </test-method> <!-- declaration -->
        <test-method signature="loginPageMethod()[pri:2, instance:com.atmecs.demoblaze.LoginPage@5db45159]" started-at="2020-09-29T08:39:05Z" name="loginPageMethod" finished-at="2020-09-29T08:39:06Z" duration-ms="475" status="PASS">
          <reporter-output>
          </reporter-output>
        </test-method> <!-- loginPageMethod -->
        <test-method is-config="true" signature="closeBrowser()[pri:0, instance:com.atmecs.demoblaze.LoginPage@5db45159]" started-at="2020-09-29T08:39:06Z" name="closeBrowser" finished-at="2020-09-29T08:39:08Z" duration-ms="2071" status="PASS">
          <reporter-output>
          </reporter-output>
        </test-method> <!-- closeBrowser -->
      </class> <!-- com.atmecs.demoblaze.LoginPage -->
    </test> <!-- Test -->
  </suite> <!-- Suite -->
</testng-results>
